<?xml version="1.0" encoding="UTF-8"?>
<!-- Generated by org.testng.reporters.JUnitReportReporter -->
<testsuite hostname="mymac-3.local" failures="0" tests="2" name="Academy.HomePage" time="9.298" errors="0" timestamp="2022-01-23T21:51:45 CST" skipped="0">
  <testcase classname="Academy.HomePage" name="basePageNavigation" time="7.048"/>
  <system-out/>
  <testcase classname="Academy.HomePage" name="basePageNavigation" time="2.250"/>
  <system-out/>
</testsuite> <!-- Academy.HomePage -->
