<?xml version="1.0" encoding="UTF-8"?>
<!-- Generated by org.testng.reporters.JUnitReportReporter -->
<testsuite hostname="mymac-3.local" failures="0" tests="1" name="Academy.validateNavigationBar" time="0.022" errors="0" timestamp="2022-01-23T21:51:45 CST" skipped="0">
  <testcase classname="Academy.validateNavigationBar" name="basePageNavigation" time="0.022"/>
  <system-out/>
</testsuite> <!-- Academy.validateNavigationBar -->
