<?xml version="1.0" encoding="UTF-8"?>
<!-- Generated by org.testng.reporters.JUnitReportReporter -->
<testsuite hostname="mymac-3.local" failures="0" tests="2" name="Academy.HomePage" time="10.477" errors="0" timestamp="2022-01-25T12:02:17 CST" skipped="0">
  <testcase classname="Academy.HomePage" name="basePageNavigation" time="2.167"/>
  <system-out/>
  <testcase classname="Academy.HomePage" name="basePageNavigation" time="8.310"/>
  <system-out/>
</testsuite> <!-- Academy.HomePage -->
