<?xml version="1.0" encoding="UTF-8"?>
<!-- Generated by org.testng.reporters.JUnitReportReporter -->
<testsuite hostname="mymac-3.local" failures="0" tests="1" name="Academy.AppTest" time="0.002" errors="0" timestamp="2022-01-23T21:52:57 CST" skipped="0">
  <testcase classname="Academy.AppTest" name="shouldAnswerWithTrue" time="0.002"/>
  <system-out/>
</testsuite> <!-- Academy.AppTest -->
